<?xml version="1.0" encoding="UTF-8"?>
<!-- Generated by org.testng.reporters.JUnitReportReporter -->
<testsuite hostname="Amna" failures="0" tests="4" name="testng.TestGroup" time="0.002" errors="0" timestamp="2023-10-10T10:35:03 IST" skipped="0">
  <testcase classname="testng.TestGroup" name="logout1" time="0.000"/>
  <system-out/>
  <testcase classname="testng.TestGroup" name="logout" time="0.001"/>
  <system-out/>
  <testcase classname="testng.TestGroup" name="Login" time="0.000"/>
  <system-out/>
  <testcase classname="testng.TestGroup" name="loginToApplication" time="0.001"/>
  <system-out/>
</testsuite> <!-- testng.TestGroup -->
