<?xml version="1.0" encoding="UTF-8"?>
<!-- Generated by org.testng.reporters.JUnitReportReporter -->
<testsuite hostname="DESKTOP-IOAN3SI" failures="0" tests="4" name="testng.Reporttests" time="0.011" errors="0" timestamp="2023-09-13T07:57:20 IST" skipped="0">
  <testcase classname="testng.Reporttests" name="reportTes1" time="0.008"/>
  <system-out/>
  <testcase classname="testng.Reporttests" name="reportTest2" time="0.001"/>
  <system-out/>
  <testcase classname="testng.Reporttests" name="reportTest4" time="0.001"/>
  <system-out/>
  <testcase classname="testng.Reporttests" name="reportTest3" time="0.001"/>
  <system-out/>
</testsuite> <!-- testng.Reporttests -->
