<?xml version="1.0" encoding="UTF-8"?>
<!-- Generated by org.testng.reporters.JUnitReportReporter -->
<testsuite hostname="Amna" failures="0" tests="1" name="testng.TestSuitCommand" time="8.255" errors="0" timestamp="2023-10-10T10:35:03 IST" skipped="0">
  <testcase classname="testng.TestSuitCommand" name="AsssertUse" time="8.255"/>
  <system-out/>
</testsuite> <!-- testng.TestSuitCommand -->
