<?xml version="1.0" encoding="UTF-8"?>
<!-- Generated by org.testng.reporters.JUnitReportReporter -->
<testsuite hostname="DESKTOP-IOAN3SI" failures="0" tests="8" name="testng.DataProviderAS" time="0.012" errors="0" timestamp="2023-09-08T17:16:55 IST" skipped="0">
  <testcase classname="testng.DataProviderAS" name="test2" time="0.001"/>
  <system-out/>
  <testcase classname="testng.DataProviderAS" name="test1" time="0.001"/>
  <system-out/>
  <testcase classname="testng.DataProviderAS" name="test1" time="0.001"/>
  <system-out/>
  <testcase classname="testng.DataProviderAS" name="test1" time="0.006"/>
  <system-out/>
  <testcase classname="testng.DataProviderAS" name="test1" time="0.000"/>
  <system-out/>
  <testcase classname="testng.DataProviderAS" name="test2" time="0.001"/>
  <system-out/>
  <testcase classname="testng.DataProviderAS" name="test2" time="0.002"/>
  <system-out/>
  <testcase classname="testng.DataProviderAS" name="test2" time="0.000"/>
  <system-out/>
</testsuite> <!-- testng.DataProviderAS -->
